[2026-04-13 12:13:14] [INFO] Login exitoso {"usuario_id":1}
[2026-04-13 12:16:59] [INFO] Producto creado {"producto_id":4}
[2026-04-13 12:17:54] [ERROR] Error al eliminar producto {"producto_id":4,"error":"SQLSTATE[23000]: Integrity constraint violation: 1451 Cannot delete or update a parent row: a foreign key constraint fails (`despensa_db`.`movimientos_stock`, CONSTRAINT `fk_mov_producto` FOREIGN KEY (`producto_id`) REFERENCES `productos` (`id`))"}
[2026-04-13 12:17:59] [ERROR] Error al eliminar producto {"producto_id":4,"error":"SQLSTATE[23000]: Integrity constraint violation: 1451 Cannot delete or update a parent row: a foreign key constraint fails (`despensa_db`.`movimientos_stock`, CONSTRAINT `fk_mov_producto` FOREIGN KEY (`producto_id`) REFERENCES `productos` (`id`))"}
[2026-04-13 12:20:26] [INFO] Venta registrada {"venta_id":1,"usuario_id":1}
[2026-04-13 12:23:30] [INFO] Producto editado {"producto_id":3}
[2026-04-13 12:23:33] [ERROR] Error al eliminar producto {"producto_id":4,"error":"SQLSTATE[23000]: Integrity constraint violation: 1451 Cannot delete or update a parent row: a foreign key constraint fails (`despensa_db`.`movimientos_stock`, CONSTRAINT `fk_mov_producto` FOREIGN KEY (`producto_id`) REFERENCES `productos` (`id`))"}
[2026-04-13 12:23:38] [INFO] Producto editado {"producto_id":4}
[2026-04-13 12:23:40] [ERROR] Error al eliminar producto {"producto_id":4,"error":"SQLSTATE[23000]: Integrity constraint violation: 1451 Cannot delete or update a parent row: a foreign key constraint fails (`despensa_db`.`movimientos_stock`, CONSTRAINT `fk_mov_producto` FOREIGN KEY (`producto_id`) REFERENCES `productos` (`id`))"}
[2026-04-13 12:23:46] [INFO] Producto desactivado por historial de ventas {"producto_id":3}
[2026-04-13 12:24:49] [WARNING] Intento de login fallido {"usuario":"cajero"}
[2026-04-13 12:24:56] [WARNING] Intento de login fallido {"usuario":"cajero"}
[2026-04-13 12:25:12] [WARNING] Intento de login fallido {"usuario":"cajero"}
[2026-04-13 12:25:44] [INFO] Login exitoso {"usuario_id":1}
[2026-04-13 12:26:57] [INFO] Login exitoso {"usuario_id":2}
[2026-04-13 12:27:16] [INFO] Login exitoso {"usuario_id":1}
[2026-04-13 12:32:46] [INFO] Producto eliminado {"producto_id":2}
[2026-04-13 12:32:48] [INFO] Producto eliminado {"producto_id":1}
[2026-04-13 12:32:51] [INFO] Producto editado {"producto_id":4}
[2026-04-13 12:32:53] [ERROR] Error al eliminar producto {"producto_id":4,"error":"SQLSTATE[23000]: Integrity constraint violation: 1451 Cannot delete or update a parent row: a foreign key constraint fails (`despensa_db`.`movimientos_stock`, CONSTRAINT `fk_mov_producto` FOREIGN KEY (`producto_id`) REFERENCES `productos` (`id`))"}
[2026-04-13 12:33:15] [INFO] Venta registrada {"venta_id":2,"usuario_id":1}
[2026-04-13 12:33:29] [INFO] Producto editado {"producto_id":4}
[2026-04-13 12:35:11] [INFO] Venta registrada {"venta_id":3,"usuario_id":1}
[2026-04-13 12:46:23] [INFO] Venta registrada {"venta_id":4,"usuario_id":1}
[2026-04-13 12:47:04] [ERROR] Error al crear producto {"error":"SQLSTATE[23000]: Integrity constraint violation: 1062 Duplicate entry '750100000003' for key 'productos.codigo_barras'"}
[2026-04-13 12:48:42] [INFO] Producto editado {"producto_id":4}
[2026-04-13 12:48:54] [INFO] Venta registrada {"venta_id":5,"usuario_id":1}
[2026-04-13 12:49:17] [INFO] Producto creado {"producto_id":6}
[2026-04-13 12:49:27] [INFO] Venta registrada {"venta_id":6,"usuario_id":1}
[2026-04-13 13:08:29] [INFO] Login exitoso {"usuario_id":1}
[2026-04-13 13:08:53] [INFO] Venta registrada {"venta_id":7,"usuario_id":1}
[2026-04-13 13:09:19] [INFO] Venta registrada {"venta_id":8,"usuario_id":1}
[2026-04-13 21:58:31] [INFO] Login exitoso {"usuario_id":1}
[2026-04-13 22:00:59] [INFO] Venta registrada {"venta_id":9,"usuario_id":1}
[2026-04-13 22:02:52] [INFO] Producto creado {"producto_id":7}
[2026-04-13 22:03:05] [INFO] Venta registrada {"venta_id":10,"usuario_id":1}
[2026-04-13 22:13:54] [INFO] Venta registrada {"venta_id":11,"usuario_id":1}
[2026-04-13 22:31:55] [INFO] Producto creado {"producto_id":8}
[2026-04-13 22:34:19] [INFO] Venta registrada {"venta_id":12,"usuario_id":1}
[2026-04-13 23:35:03] [INFO] Login exitoso {"usuario_id":2}
[2026-04-13 23:37:05] [INFO] Login exitoso {"usuario_id":1}
[2026-04-14 15:58:07] [INFO] Login exitoso {"usuario_id":1}
[2026-04-15 21:15:28] [INFO] Login exitoso {"usuario_id":1}
[2026-04-15 21:15:48] [INFO] Venta registrada {"venta_id":13,"usuario_id":1}
[2026-04-15 21:19:28] [INFO] Venta registrada {"venta_id":14,"usuario_id":1}
[2026-04-16 14:13:50] [INFO] Login exitoso {"usuario_id":1}
[2026-04-16 14:14:26] [INFO] Venta registrada {"venta_id":15,"usuario_id":1}
[2026-04-16 14:21:41] [INFO] Login exitoso {"usuario_id":1}
[2026-04-16 14:22:19] [INFO] Venta registrada {"venta_id":16,"usuario_id":1}
[2026-04-16 14:35:04] [INFO] Producto editado {"producto_id":8}
[2026-04-16 14:38:25] [INFO] Login exitoso {"usuario_id":1}
[2026-04-16 14:38:39] [INFO] Producto editado {"producto_id":6}
[2026-04-16 14:44:06] [INFO] Login exitoso {"usuario_id":1}
[2026-04-16 14:48:18] [INFO] Producto editado {"producto_id":7}
[2026-04-16 14:53:31] [INFO] Producto editado {"producto_id":6}
[2026-04-16 15:07:10] [WARNING] Intento de login fallido {"usuario":"admin"}
[2026-04-16 15:07:18] [INFO] Login exitoso {"usuario_id":1}
[2026-04-16 15:07:27] [INFO] Producto eliminado {"producto_id":3}
[2026-04-16 15:07:28] [INFO] Producto eliminado {"producto_id":2}
[2026-04-16 15:07:30] [INFO] Producto eliminado {"producto_id":1}
[2026-04-16 15:10:33] [WARNING] Intento de login fallido {"usuario":"admin"}
[2026-04-16 15:10:41] [INFO] Login exitoso {"usuario_id":1}
[2026-04-16 15:10:51] [INFO] Producto eliminado {"producto_id":3}
[2026-04-16 15:10:53] [INFO] Producto eliminado {"producto_id":2}
[2026-04-16 15:10:54] [INFO] Producto eliminado {"producto_id":1}
[2026-04-16 15:11:34] [INFO] Login exitoso {"usuario_id":1}
[2026-04-16 17:39:23] [INFO] Login exitoso {"usuario_id":1}
[2026-04-17 19:04:44] [INFO] Login exitoso {"usuario_id":1}
[2026-07-09 21:21:43] [WARNING] Intento de login fallido {"usuario":"admin"}
[2026-07-09 21:21:59] [WARNING] Intento de login fallido {"usuario":"admin"}
[2026-07-09 21:23:14] [WARNING] Intento de login fallido {"usuario":"admin"}
[2026-07-09 21:23:21] [WARNING] Intento de login fallido {"usuario":"admin"}
[2026-07-09 21:23:31] [WARNING] Intento de login fallido {"usuario":"admin"}
[2026-07-09 21:23:45] [WARNING] Intento de login fallido {"usuario":"admin"}
[2026-07-09 21:25:05] [INFO] Login exitoso {"usuario_id":1}
[2026-07-09 21:25:19] [INFO] Login exitoso {"usuario_id":1}
[2026-07-09 21:30:05] [INFO] Login exitoso {"usuario_id":1}
[2026-07-09 21:30:16] [INFO] Login exitoso {"usuario_id":1}
[2026-07-09 21:30:22] [INFO] Login exitoso {"usuario_id":1}
[2026-07-09 21:33:26] [INFO] Login exitoso {"usuario_id":1}
[2026-07-09 21:34:53] [INFO] Venta registrada {"venta_id":1,"usuario_id":1}
[2026-07-09 21:35:24] [INFO] Login exitoso {"usuario_id":1}
[2026-07-09 21:37:32] [INFO] Login exitoso {"usuario_id":1}
[2026-07-09 21:39:49] [INFO] Login exitoso {"usuario_id":1}
[2026-07-09 21:42:29] [INFO] Venta registrada {"venta_id":2,"usuario_id":1}
[2026-07-09 21:43:39] [INFO] Venta registrada {"venta_id":3,"usuario_id":1}
[2026-07-09 21:49:00] [INFO] Login exitoso {"usuario_id":1}
[2026-07-09 21:50:32] [INFO] Login exitoso {"usuario_id":1}
[2026-07-09 21:50:37] [INFO] Login exitoso {"usuario_id":1}
[2026-07-09 21:51:40] [INFO] Login exitoso {"usuario_id":1}
[2026-07-09 21:57:59] [INFO] Login exitoso {"usuario_id":1}
[2026-07-09 21:58:01] [INFO] Venta registrada {"venta_id":4,"usuario_id":1}
[2026-07-09 22:02:50] [INFO] Producto creado {"producto_id":4}
[2026-07-09 22:02:53] [INFO] Producto editado {"producto_id":4}
[2026-07-09 22:11:45] [INFO] Login exitoso {"usuario_id":1}
[2026-07-09 23:16:06] [INFO] Login exitoso {"usuario_id":1}
[2026-07-09 23:32:09] [INFO] Venta registrada {"venta_id":5,"usuario_id":1}
[2026-07-09 23:39:55] [INFO] Venta registrada {"venta_id":6,"usuario_id":1}
[2026-07-10 23:38:23] [INFO] Login exitoso {"usuario_id":1}
